Determining if the pthread_create exist failed with the following output:
Change Dir: /home/alex/Alex_documents/RGCNN_git/Git_folder/ROS_nodes_ws/build/CMakeFiles/CMakeTmp

Run Build Command:"/usr/bin/make" "cmTC_8e0f3/fast"
/usr/bin/make -f CMakeFiles/cmTC_8e0f3.dir/build.make CMakeFiles/cmTC_8e0f3.dir/build
make[1]: Entering directory '/home/alex/Alex_documents/RGCNN_git/Git_folder/ROS_nodes_ws/build/CMakeFiles/CMakeTmp'
Building C object CMakeFiles/cmTC_8e0f3.dir/CheckSymbolExists.c.o
/usr/bin/cc    -o CMakeFiles/cmTC_8e0f3.dir/CheckSymbolExists.c.o   -c /home/alex/Alex_documents/RGCNN_git/Git_folder/ROS_nodes_ws/build/CMakeFiles/CMakeTmp/CheckSymbolExists.c
Linking C executable cmTC_8e0f3
/usr/bin/cmake -E cmake_link_script CMakeFiles/cmTC_8e0f3.dir/link.txt --verbose=1
/usr/bin/cc      -rdynamic CMakeFiles/cmTC_8e0f3.dir/CheckSymbolExists.c.o  -o cmTC_8e0f3 
CMakeFiles/cmTC_8e0f3.dir/CheckSymbolExists.c.o: In function `main':
CheckSymbolExists.c:(.text+0x1b): undefined reference to `pthread_create'
collect2: error: ld returned 1 exit status
CMakeFiles/cmTC_8e0f3.dir/build.make:97: recipe for target 'cmTC_8e0f3' failed
make[1]: *** [cmTC_8e0f3] Error 1
make[1]: Leaving directory '/home/alex/Alex_documents/RGCNN_git/Git_folder/ROS_nodes_ws/build/CMakeFiles/CMakeTmp'
Makefile:126: recipe for target 'cmTC_8e0f3/fast' failed
make: *** [cmTC_8e0f3/fast] Error 2

File /home/alex/Alex_documents/RGCNN_git/Git_folder/ROS_nodes_ws/build/CMakeFiles/CMakeTmp/CheckSymbolExists.c:
/* */
#include <pthread.h>

int main(int argc, char** argv)
{
  (void)argv;
#ifndef pthread_create
  return ((int*)(&pthread_create))[argc];
#else
  (void)argc;
  return 0;
#endif
}

Determining if the function pthread_create exists in the pthreads failed with the following output:
Change Dir: /home/alex/Alex_documents/RGCNN_git/Git_folder/ROS_nodes_ws/build/CMakeFiles/CMakeTmp

Run Build Command:"/usr/bin/make" "cmTC_d6b19/fast"
/usr/bin/make -f CMakeFiles/cmTC_d6b19.dir/build.make CMakeFiles/cmTC_d6b19.dir/build
make[1]: Entering directory '/home/alex/Alex_documents/RGCNN_git/Git_folder/ROS_nodes_ws/build/CMakeFiles/CMakeTmp'
Building C object CMakeFiles/cmTC_d6b19.dir/CheckFunctionExists.c.o
/usr/bin/cc   -DCHECK_FUNCTION_EXISTS=pthread_create   -o CMakeFiles/cmTC_d6b19.dir/CheckFunctionExists.c.o   -c /usr/share/cmake-3.10/Modules/CheckFunctionExists.c
Linking C executable cmTC_d6b19
/usr/bin/cmake -E cmake_link_script CMakeFiles/cmTC_d6b19.dir/link.txt --verbose=1
/usr/bin/cc  -DCHECK_FUNCTION_EXISTS=pthread_create    -rdynamic CMakeFiles/cmTC_d6b19.dir/CheckFunctionExists.c.o  -o cmTC_d6b19 -lpthreads 
/usr/bin/ld: cannot find -lpthreads
collect2: error: ld returned 1 exit status
CMakeFiles/cmTC_d6b19.dir/build.make:97: recipe for target 'cmTC_d6b19' failed
make[1]: *** [cmTC_d6b19] Error 1
make[1]: Leaving directory '/home/alex/Alex_documents/RGCNN_git/Git_folder/ROS_nodes_ws/build/CMakeFiles/CMakeTmp'
Makefile:126: recipe for target 'cmTC_d6b19/fast' failed
make: *** [cmTC_d6b19/fast] Error 2


